<?xml version="1.0" encoding="UTF-8"?>
<!-- Generated by org.testng.reporters.JUnitReportReporter -->
<testsuite skipped="0" hostname="LAPTOP-L8U7MIV2" name="My_homedepot.home_depot.myHomedepottest" tests="1" failures="0" timestamp="12 Jul 2019 21:36:40 GMT" time="29.260" errors="0">
  <testcase name="f" time="29.260" classname="My_homedepot.home_depot.myHomedepottest"/>
</testsuite> <!-- My_homedepot.home_depot.myHomedepottest -->
