<?xml version="1.0" encoding="UTF-8"?>
<!-- Generated by org.testng.reporters.JUnitReportReporter -->
<testsuite skipped="0" hostname="LAPTOP-L8U7MIV2" name="My_homedepotTest.myHomedepottest" tests="1" failures="0" timestamp="14 Jul 2019 20:48:40 GMT" time="34.635" errors="0">
  <testcase name="f" time="34.635" classname="My_homedepotTest.myHomedepottest"/>
</testsuite> <!-- My_homedepotTest.myHomedepottest -->
